<?xml version="1.0" encoding="UTF-8" ?>
<testsuite tests="0" failures="0" name="TestSuite" time="149.418" errors="0" skipped="0">
  <properties>
    <property name="idea.version" value="2018.1.6"/>
    <property name="java.runtime.name" value="Java(TM) SE Runtime Environment"/>
    <property name="java.vm.version" value="10.0.1+10"/>
    <property name="sun.boot.library.path" value="/Library/Java/JavaVirtualMachines/jdk-10.0.1.jdk/Contents/Home/lib"/>
    <property name="gopherProxySet" value="false"/>
    <property name="java.vm.vendor" value="&quot;Oracle Corporation&quot;"/>
    <property name="java.vendor.url" value="http://java.oracle.com/"/>
    <property name="path.separator" value=":"/>
    <property name="java.vm.name" value="Java HotSpot(TM) 64-Bit Server VM"/>
    <property name="file.encoding.pkg" value="sun.io"/>
    <property name="sun.os.patch.level" value="unknown"/>
    <property name="user.country" value="IN"/>
    <property name="sun.java.launcher" value="SUN_STANDARD"/>
    <property name="java.vm.specification.name" value="Java Virtual Machine Specification"/>
    <property name="user.dir" value="/Users/learnyst/Desktop/MobileAutomationLearny"/>
    <property name="java.vm.compressedOopsMode" value="Zero based"/>
    <property name="java.runtime.version" value="10.0.1+10"/>
    <property name="java.awt.graphicsenv" value="sun.awt.CGraphicsEnvironment"/>
    <property name="basedir" value="/Users/learnyst/Desktop/MobileAutomationLearny"/>
    <property name="os.arch" value="x86_64"/>
    <property name="surefire.real.class.path" value="/Users/learnyst/Desktop/MobileAutomationLearny/target/surefire/surefirebooter4634198177747162481.jar"/>
    <property name="java.io.tmpdir" value="/var/folders/8z/13d5v7zx60j1kvkfpwpx5wq00000gn/T/"/>
    <property name="line.separator" value="
"/>
    <property name="java.vm.specification.vendor" value="Oracle Corporation"/>
    <property name="os.name" value="Mac OS X"/>
    <property name="sun.jnu.encoding" value="UTF-8"/>
    <property name="java.library.path" value="/Users/learnyst/Library/Java/Extensions:/Library/Java/Extensions:/Network/Library/Java/Extensions:/System/Library/Java/Extensions:/usr/lib/java:."/>
    <property name="surefire.test.class.path" value="/Users/learnyst/Desktop/MobileAutomationLearny/target/test-classes:/Users/learnyst/Desktop/MobileAutomationLearny/target/classes:/Users/learnyst/.m2/repository/info/cukes/cucumber-java/1.2.5/cucumber-java-1.2.5.jar:/Users/learnyst/.m2/repository/info/cukes/cucumber-core/1.2.5/cucumber-core-1.2.5.jar:/Users/learnyst/.m2/repository/info/cukes/cucumber-html/0.2.3/cucumber-html-0.2.3.jar:/Users/learnyst/.m2/repository/info/cukes/cucumber-junit/1.2.5/cucumber-junit-1.2.5.jar:/Users/learnyst/.m2/repository/info/cukes/cucumber-picocontainer/1.2.5/cucumber-picocontainer-1.2.5.jar:/Users/learnyst/.m2/repository/info/cukes/cucumber-jvm-deps/1.0.5/cucumber-jvm-deps-1.0.5.jar:/Users/learnyst/.m2/repository/org/picocontainer/picocontainer/2.15/picocontainer-2.15.jar:/Users/learnyst/.m2/repository/org/apache/maven/plugins/maven-surefire-plugin/2.8.1/maven-surefire-plugin-2.8.1.jar:/Users/learnyst/.m2/repository/org/apache/maven/maven-plugin-api/2.0.9/maven-plugin-api-2.0.9.jar:/Users/learnyst/.m2/repository/org/apache/maven/surefire/surefire-booter/2.8.1/surefire-booter-2.8.1.jar:/Users/learnyst/.m2/repository/org/apache/maven/surefire/surefire-api/2.8.1/surefire-api-2.8.1.jar:/Users/learnyst/.m2/repository/org/apache/maven/surefire/maven-surefire-common/2.8.1/maven-surefire-common-2.8.1.jar:/Users/learnyst/.m2/repository/org/apache/maven/shared/maven-common-artifact-filters/1.3/maven-common-artifact-filters-1.3.jar:/Users/learnyst/.m2/repository/org/codehaus/plexus/plexus-utils/2.0.7/plexus-utils-2.0.7.jar:/Users/learnyst/.m2/repository/org/apache/maven/maven-artifact/2.0.9/maven-artifact-2.0.9.jar:/Users/learnyst/.m2/repository/org/apache/maven/maven-project/2.0.9/maven-project-2.0.9.jar:/Users/learnyst/.m2/repository/org/apache/maven/maven-settings/2.0.9/maven-settings-2.0.9.jar:/Users/learnyst/.m2/repository/org/apache/maven/maven-profile/2.0.9/maven-profile-2.0.9.jar:/Users/learnyst/.m2/repository/org/apache/maven/maven-model/2.0.9/maven-model-2.0.9.jar:/Users/learnyst/.m2/repository/org/apache/maven/maven-artifact-manager/2.0.9/maven-artifact-manager-2.0.9.jar:/Users/learnyst/.m2/repository/org/apache/maven/maven-plugin-registry/2.0.9/maven-plugin-registry-2.0.9.jar:/Users/learnyst/.m2/repository/org/codehaus/plexus/plexus-container-default/1.0-alpha-9-stable-1/plexus-container-default-1.0-alpha-9-stable-1.jar:/Users/learnyst/.m2/repository/org/apache/maven/maven-core/2.0.9/maven-core-2.0.9.jar:/Users/learnyst/.m2/repository/org/apache/maven/maven-plugin-parameter-documenter/2.0.9/maven-plugin-parameter-documenter-2.0.9.jar:/Users/learnyst/.m2/repository/org/apache/maven/reporting/maven-reporting-api/2.0.9/maven-reporting-api-2.0.9.jar:/Users/learnyst/.m2/repository/org/apache/maven/wagon/wagon-provider-api/1.0-beta-2/wagon-provider-api-1.0-beta-2.jar:/Users/learnyst/.m2/repository/org/apache/maven/maven-repository-metadata/2.0.9/maven-repository-metadata-2.0.9.jar:/Users/learnyst/.m2/repository/org/apache/maven/maven-error-diagnostics/2.0.9/maven-error-diagnostics-2.0.9.jar:/Users/learnyst/.m2/repository/org/apache/maven/maven-plugin-descriptor/2.0.9/maven-plugin-descriptor-2.0.9.jar:/Users/learnyst/.m2/repository/org/apache/maven/maven-monitor/2.0.9/maven-monitor-2.0.9.jar:/Users/learnyst/.m2/repository/classworlds/classworlds/1.1/classworlds-1.1.jar:/Users/learnyst/.m2/repository/org/apache/maven/maven-toolchain/2.0.9/maven-toolchain-2.0.9.jar:/Users/learnyst/.m2/repository/org/testng/testng/6.14.3/testng-6.14.3.jar:/Users/learnyst/.m2/repository/com/beust/jcommander/1.72/jcommander-1.72.jar:/Users/learnyst/.m2/repository/org/apache-extras/beanshell/bsh/2.0b6/bsh-2.0b6.jar:/Users/learnyst/.m2/repository/org/seleniumhq/selenium/selenium-api/3.4.0/selenium-api-3.4.0.jar:/Users/learnyst/.m2/repository/junit/junit/4.12/junit-4.12.jar:/Users/learnyst/.m2/repository/org/hamcrest/hamcrest-core/1.3/hamcrest-core-1.3.jar:/Users/learnyst/.m2/repository/org/slf4j/slf4j-log4j12/1.7.2/slf4j-log4j12-1.7.2.jar:/Users/learnyst/.m2/repository/org/slf4j/slf4j-api/1.7.2/slf4j-api-1.7.2.jar:/Users/learnyst/.m2/repository/log4j/log4j/1.2.17/log4j-1.2.17.jar:/Users/learnyst/.m2/repository/io/cucumber/pro-plugin/2.1.0/pro-plugin-2.1.0.jar:/Users/learnyst/.m2/repository/org/seleniumhq/selenium/selenium-chrome-driver/3.4.0/selenium-chrome-driver-3.4.0.jar:/Users/learnyst/.m2/repository/org/seleniumhq/selenium/selenium-remote-driver/3.4.0/selenium-remote-driver-3.4.0.jar:/Users/learnyst/.m2/repository/cglib/cglib-nodep/3.2.4/cglib-nodep-3.2.4.jar:/Users/learnyst/.m2/repository/org/apache/commons/commons-exec/1.3/commons-exec-1.3.jar:/Users/learnyst/.m2/repository/commons-codec/commons-codec/1.10/commons-codec-1.10.jar:/Users/learnyst/.m2/repository/commons-logging/commons-logging/1.2/commons-logging-1.2.jar:/Users/learnyst/.m2/repository/com/google/code/gson/gson/2.8.0/gson-2.8.0.jar:/Users/learnyst/.m2/repository/com/google/guava/guava/21.0/guava-21.0.jar:/Users/learnyst/.m2/repository/org/apache/httpcomponents/httpclient/4.5.3/httpclient-4.5.3.jar:/Users/learnyst/.m2/repository/org/apache/httpcomponents/httpcore/4.4.6/httpcore-4.4.6.jar:/Users/learnyst/.m2/repository/net/java/dev/jna/jna/4.1.0/jna-4.1.0.jar:/Users/learnyst/.m2/repository/net/java/dev/jna/jna-platform/4.1.0/jna-platform-4.1.0.jar:/Users/learnyst/.m2/repository/info/cukes/gherkin/2.12.2/gherkin-2.12.2.jar:/Users/learnyst/.m2/repository/org/seleniumhq/selenium/selenium-support/3.4.0/selenium-support-3.4.0.jar:/Users/learnyst/.m2/repository/com/aventstack/extentreports/4.0.6/extentreports-4.0.6.jar:/Users/learnyst/.m2/repository/org/freemarker/freemarker/2.3.23/freemarker-2.3.23.jar:/Users/learnyst/.m2/repository/org/mongodb/mongodb-driver/3.3.0/mongodb-driver-3.3.0.jar:/Users/learnyst/.m2/repository/org/mongodb/mongodb-driver-core/3.3.0/mongodb-driver-core-3.3.0.jar:/Users/learnyst/.m2/repository/org/mongodb/bson/3.3.0/bson-3.3.0.jar:/Users/learnyst/.m2/repository/org/apache/httpcomponents/httpmime/4.5.2/httpmime-4.5.2.jar:/Users/learnyst/Desktop/MobileAutomationLearny/lib/totallylazy-1.20.jar:/Users/learnyst/.m2/repository/net/masterthought/cucumber-reporting/0.0.23/cucumber-reporting-0.0.23.jar:/Users/learnyst/.m2/repository/org/apache/velocity/velocity/1.7/velocity-1.7.jar:/Users/learnyst/.m2/repository/commons-collections/commons-collections/3.2.1/commons-collections-3.2.1.jar:/Users/learnyst/.m2/repository/commons-lang/commons-lang/2.4/commons-lang-2.4.jar:/Users/learnyst/.m2/repository/velocity-tools/velocity-tools/1.4/velocity-tools-1.4.jar:/Users/learnyst/.m2/repository/joda-time/joda-time/2.1/joda-time-2.1.jar:/Users/learnyst/.m2/repository/org/mockito/mockito-all/1.9.0/mockito-all-1.9.0.jar:/Users/learnyst/.m2/repository/commons-io/commons-io/2.3/commons-io-2.3.jar:/Users/learnyst/.m2/repository/org/apache/maven/plugins/maven-gpg-plugin/1.4/maven-gpg-plugin-1.4.jar:/Users/learnyst/.m2/repository/org/jsoup/jsoup/1.7.2/jsoup-1.7.2.jar:/Users/learnyst/.m2/repository/com/vimalselvam/cucumber-extentsreport/3.0.2/cucumber-extentsreport-3.0.2.jar:/Users/learnyst/.m2/repository/org/apache/maven/surefire/surefire-testng-utils/2.8.1/surefire-testng-utils-2.8.1.jar:"/>
    <property name="jdk.debug" value="release"/>
    <property name="java.class.version" value="54.0"/>
    <property name="java.specification.name" value="Java Platform API Specification"/>
    <property name="sun.management.compiler" value="HotSpot 64-Bit Tiered Compilers"/>
    <property name="os.version" value="10.14"/>
    <property name="http.nonProxyHosts" value="local|*.local|169.254/16|*.169.254/16"/>
    <property name="user.home" value="/Users/learnyst"/>
    <property name="user.timezone" value="Asia/Kolkata"/>
    <property name="java.awt.printerjob" value="sun.lwawt.macosx.CPrinterJob"/>
    <property name="file.encoding" value="US-ASCII"/>
    <property name="java.specification.version" value="10"/>
    <property name="user.name" value="learnyst"/>
    <property name="java.class.path" value="/Users/learnyst/Desktop/MobileAutomationLearny/target/test-classes:/Users/learnyst/Desktop/MobileAutomationLearny/target/classes:/Users/learnyst/.m2/repository/info/cukes/cucumber-java/1.2.5/cucumber-java-1.2.5.jar:/Users/learnyst/.m2/repository/info/cukes/cucumber-core/1.2.5/cucumber-core-1.2.5.jar:/Users/learnyst/.m2/repository/info/cukes/cucumber-html/0.2.3/cucumber-html-0.2.3.jar:/Users/learnyst/.m2/repository/info/cukes/cucumber-junit/1.2.5/cucumber-junit-1.2.5.jar:/Users/learnyst/.m2/repository/info/cukes/cucumber-picocontainer/1.2.5/cucumber-picocontainer-1.2.5.jar:/Users/learnyst/.m2/repository/info/cukes/cucumber-jvm-deps/1.0.5/cucumber-jvm-deps-1.0.5.jar:/Users/learnyst/.m2/repository/org/picocontainer/picocontainer/2.15/picocontainer-2.15.jar:/Users/learnyst/.m2/repository/org/apache/maven/plugins/maven-surefire-plugin/2.8.1/maven-surefire-plugin-2.8.1.jar:/Users/learnyst/.m2/repository/org/apache/maven/maven-plugin-api/2.0.9/maven-plugin-api-2.0.9.jar:/Users/learnyst/.m2/repository/org/apache/maven/surefire/surefire-booter/2.8.1/surefire-booter-2.8.1.jar:/Users/learnyst/.m2/repository/org/apache/maven/surefire/surefire-api/2.8.1/surefire-api-2.8.1.jar:/Users/learnyst/.m2/repository/org/apache/maven/surefire/maven-surefire-common/2.8.1/maven-surefire-common-2.8.1.jar:/Users/learnyst/.m2/repository/org/apache/maven/shared/maven-common-artifact-filters/1.3/maven-common-artifact-filters-1.3.jar:/Users/learnyst/.m2/repository/org/codehaus/plexus/plexus-utils/2.0.7/plexus-utils-2.0.7.jar:/Users/learnyst/.m2/repository/org/apache/maven/maven-artifact/2.0.9/maven-artifact-2.0.9.jar:/Users/learnyst/.m2/repository/org/apache/maven/maven-project/2.0.9/maven-project-2.0.9.jar:/Users/learnyst/.m2/repository/org/apache/maven/maven-settings/2.0.9/maven-settings-2.0.9.jar:/Users/learnyst/.m2/repository/org/apache/maven/maven-profile/2.0.9/maven-profile-2.0.9.jar:/Users/learnyst/.m2/repository/org/apache/maven/maven-model/2.0.9/maven-model-2.0.9.jar:/Users/learnyst/.m2/repository/org/apache/maven/maven-artifact-manager/2.0.9/maven-artifact-manager-2.0.9.jar:/Users/learnyst/.m2/repository/org/apache/maven/maven-plugin-registry/2.0.9/maven-plugin-registry-2.0.9.jar:/Users/learnyst/.m2/repository/org/codehaus/plexus/plexus-container-default/1.0-alpha-9-stable-1/plexus-container-default-1.0-alpha-9-stable-1.jar:/Users/learnyst/.m2/repository/org/apache/maven/maven-core/2.0.9/maven-core-2.0.9.jar:/Users/learnyst/.m2/repository/org/apache/maven/maven-plugin-parameter-documenter/2.0.9/maven-plugin-parameter-documenter-2.0.9.jar:/Users/learnyst/.m2/repository/org/apache/maven/reporting/maven-reporting-api/2.0.9/maven-reporting-api-2.0.9.jar:/Users/learnyst/.m2/repository/org/apache/maven/wagon/wagon-provider-api/1.0-beta-2/wagon-provider-api-1.0-beta-2.jar:/Users/learnyst/.m2/repository/org/apache/maven/maven-repository-metadata/2.0.9/maven-repository-metadata-2.0.9.jar:/Users/learnyst/.m2/repository/org/apache/maven/maven-error-diagnostics/2.0.9/maven-error-diagnostics-2.0.9.jar:/Users/learnyst/.m2/repository/org/apache/maven/maven-plugin-descriptor/2.0.9/maven-plugin-descriptor-2.0.9.jar:/Users/learnyst/.m2/repository/org/apache/maven/maven-monitor/2.0.9/maven-monitor-2.0.9.jar:/Users/learnyst/.m2/repository/classworlds/classworlds/1.1/classworlds-1.1.jar:/Users/learnyst/.m2/repository/org/apache/maven/maven-toolchain/2.0.9/maven-toolchain-2.0.9.jar:/Users/learnyst/.m2/repository/org/testng/testng/6.14.3/testng-6.14.3.jar:/Users/learnyst/.m2/repository/com/beust/jcommander/1.72/jcommander-1.72.jar:/Users/learnyst/.m2/repository/org/apache-extras/beanshell/bsh/2.0b6/bsh-2.0b6.jar:/Users/learnyst/.m2/repository/org/seleniumhq/selenium/selenium-api/3.4.0/selenium-api-3.4.0.jar:/Users/learnyst/.m2/repository/junit/junit/4.12/junit-4.12.jar:/Users/learnyst/.m2/repository/org/hamcrest/hamcrest-core/1.3/hamcrest-core-1.3.jar:/Users/learnyst/.m2/repository/org/slf4j/slf4j-log4j12/1.7.2/slf4j-log4j12-1.7.2.jar:/Users/learnyst/.m2/repository/org/slf4j/slf4j-api/1.7.2/slf4j-api-1.7.2.jar:/Users/learnyst/.m2/repository/log4j/log4j/1.2.17/log4j-1.2.17.jar:/Users/learnyst/.m2/repository/io/cucumber/pro-plugin/2.1.0/pro-plugin-2.1.0.jar:/Users/learnyst/.m2/repository/org/seleniumhq/selenium/selenium-chrome-driver/3.4.0/selenium-chrome-driver-3.4.0.jar:/Users/learnyst/.m2/repository/org/seleniumhq/selenium/selenium-remote-driver/3.4.0/selenium-remote-driver-3.4.0.jar:/Users/learnyst/.m2/repository/cglib/cglib-nodep/3.2.4/cglib-nodep-3.2.4.jar:/Users/learnyst/.m2/repository/org/apache/commons/commons-exec/1.3/commons-exec-1.3.jar:/Users/learnyst/.m2/repository/commons-codec/commons-codec/1.10/commons-codec-1.10.jar:/Users/learnyst/.m2/repository/commons-logging/commons-logging/1.2/commons-logging-1.2.jar:/Users/learnyst/.m2/repository/com/google/code/gson/gson/2.8.0/gson-2.8.0.jar:/Users/learnyst/.m2/repository/com/google/guava/guava/21.0/guava-21.0.jar:/Users/learnyst/.m2/repository/org/apache/httpcomponents/httpclient/4.5.3/httpclient-4.5.3.jar:/Users/learnyst/.m2/repository/org/apache/httpcomponents/httpcore/4.4.6/httpcore-4.4.6.jar:/Users/learnyst/.m2/repository/net/java/dev/jna/jna/4.1.0/jna-4.1.0.jar:/Users/learnyst/.m2/repository/net/java/dev/jna/jna-platform/4.1.0/jna-platform-4.1.0.jar:/Users/learnyst/.m2/repository/info/cukes/gherkin/2.12.2/gherkin-2.12.2.jar:/Users/learnyst/.m2/repository/org/seleniumhq/selenium/selenium-support/3.4.0/selenium-support-3.4.0.jar:/Users/learnyst/.m2/repository/com/aventstack/extentreports/4.0.6/extentreports-4.0.6.jar:/Users/learnyst/.m2/repository/org/freemarker/freemarker/2.3.23/freemarker-2.3.23.jar:/Users/learnyst/.m2/repository/org/mongodb/mongodb-driver/3.3.0/mongodb-driver-3.3.0.jar:/Users/learnyst/.m2/repository/org/mongodb/mongodb-driver-core/3.3.0/mongodb-driver-core-3.3.0.jar:/Users/learnyst/.m2/repository/org/mongodb/bson/3.3.0/bson-3.3.0.jar:/Users/learnyst/.m2/repository/org/apache/httpcomponents/httpmime/4.5.2/httpmime-4.5.2.jar:/Users/learnyst/Desktop/MobileAutomationLearny/lib/totallylazy-1.20.jar:/Users/learnyst/.m2/repository/net/masterthought/cucumber-reporting/0.0.23/cucumber-reporting-0.0.23.jar:/Users/learnyst/.m2/repository/org/apache/velocity/velocity/1.7/velocity-1.7.jar:/Users/learnyst/.m2/repository/commons-collections/commons-collections/3.2.1/commons-collections-3.2.1.jar:/Users/learnyst/.m2/repository/commons-lang/commons-lang/2.4/commons-lang-2.4.jar:/Users/learnyst/.m2/repository/velocity-tools/velocity-tools/1.4/velocity-tools-1.4.jar:/Users/learnyst/.m2/repository/joda-time/joda-time/2.1/joda-time-2.1.jar:/Users/learnyst/.m2/repository/org/mockito/mockito-all/1.9.0/mockito-all-1.9.0.jar:/Users/learnyst/.m2/repository/commons-io/commons-io/2.3/commons-io-2.3.jar:/Users/learnyst/.m2/repository/org/apache/maven/plugins/maven-gpg-plugin/1.4/maven-gpg-plugin-1.4.jar:/Users/learnyst/.m2/repository/org/jsoup/jsoup/1.7.2/jsoup-1.7.2.jar:/Users/learnyst/.m2/repository/com/vimalselvam/cucumber-extentsreport/3.0.2/cucumber-extentsreport-3.0.2.jar:/Users/learnyst/.m2/repository/org/apache/maven/surefire/surefire-testng-utils/2.8.1/surefire-testng-utils-2.8.1.jar:"/>
    <property name="java.vm.specification.version" value="10"/>
    <property name="sun.arch.data.model" value="64"/>
    <property name="sun.java.command" value="/Users/learnyst/Desktop/MobileAutomationLearny/target/surefire/surefirebooter4634198177747162481.jar /Users/learnyst/Desktop/MobileAutomationLearny/target/surefire/surefire1840942276008335448tmp /Users/learnyst/Desktop/MobileAutomationLearny/target/surefire/surefire1333377339846237151tmp"/>
    <property name="java.home" value="/Library/Java/JavaVirtualMachines/jdk-10.0.1.jdk/Contents/Home"/>
    <property name="user.language" value="en"/>
    <property name="java.specification.vendor" value="Oracle Corporation"/>
    <property name="awt.toolkit" value="sun.lwawt.macosx.LWCToolkit"/>
    <property name="java.vm.info" value="mixed mode"/>
    <property name="java.version" value="10.0.1"/>
    <property name="java.vendor" value="Oracle Corporation"/>
    <property name="localRepository" value="/Users/learnyst/.m2/repository"/>
    <property name="file.separator" value="/"/>
    <property name="java.version.date" value="2018-04-17"/>
    <property name="java.vendor.url.bug" value="http://bugreport.java.com/bugreport/"/>
    <property name="sun.io.unicode.encoding" value="UnicodeBig"/>
    <property name="sun.cpu.endian" value="little"/>
    <property name="java.vendor.version" value="18.3"/>
    <property name="socksNonProxyHosts" value="local|*.local|169.254/16|*.169.254/16"/>
    <property name="ftp.nonProxyHosts" value="local|*.local|169.254/16|*.169.254/16"/>
    <property name="sun.cpu.isalist" value=""/>
  </properties>
</testsuite>